\BOOKMARK [0][-]{section*.3}{Abstract}{}% 1
\BOOKMARK [0][-]{section*.6}{Elenco\040delle\040figure}{}% 2
\BOOKMARK [0][-]{section*.8}{Elenco\040delle\040tabelle}{}% 3
\BOOKMARK [0][-]{section*.11}{Elenco\040degli\040acronimi}{}% 4
\BOOKMARK [0][-]{chapter.1}{Introduzione}{}% 5
\BOOKMARK [1][-]{section.1.1}{Azienda}{chapter.1}% 6
\BOOKMARK [1][-]{section.1.2}{Processi\040aziendali}{chapter.1}% 7
\BOOKMARK [2][-]{subsection.1.2.1}{Modello\040di\040ciclo\040di\040vita\040del\040software}{section.1.2}% 8
\BOOKMARK [3][-]{subsubsection.1.2.1.1}{Principi\040della\040metodologia\040Scrum}{subsection.1.2.1}% 9
\BOOKMARK [3][-]{subsubsection.1.2.1.2}{Sprint}{subsection.1.2.1}% 10
\BOOKMARK [3][-]{subsubsection.1.2.1.3}{Ruoli\040di\040un\040team\040Scrum}{subsection.1.2.1}% 11
\BOOKMARK [2][-]{subsection.1.2.2}{Strumenti\040a\040supporto\040dei\040processi}{section.1.2}% 12
\BOOKMARK [3][-]{subsubsection.1.2.2.1}{Project\040management}{subsection.1.2.2}% 13
\BOOKMARK [3][-]{subsubsection.1.2.2.2}{Gestione\040del\040versionamento}{subsection.1.2.2}% 14
\BOOKMARK [3][-]{subsubsection.1.2.2.3}{Gestione\040delle\040comunicazioni}{subsection.1.2.2}% 15
\BOOKMARK [1][-]{section.1.3}{Organizzazione\040del\040testo}{chapter.1}% 16
\BOOKMARK [1][-]{section.1.4}{Convenzioni\040tipografiche}{chapter.1}% 17
\BOOKMARK [0][-]{chapter.2}{Progetto\040di\040stage}{}% 18
\BOOKMARK [1][-]{section.2.1}{Descrizione\040del\040progetto}{chapter.2}% 19
\BOOKMARK [2][-]{subsection.2.1.1}{Contesto\040di\040sviluppo}{section.2.1}% 20
\BOOKMARK [2][-]{subsection.2.1.2}{Contesto\040di\040utilizzo}{section.2.1}% 21
\BOOKMARK [1][-]{section.2.2}{Tecnologie\040utilizzate}{chapter.2}% 22
\BOOKMARK [2][-]{subsection.2.2.1}{Ruby}{section.2.2}% 23
\BOOKMARK [2][-]{subsection.2.2.2}{Gemme}{section.2.2}% 24
\BOOKMARK [3][-]{subsubsection.2.2.2.1}{HexaPDF}{subsection.2.2.2}% 25
\BOOKMARK [3][-]{subsubsection.2.2.2.2}{ROTP}{subsection.2.2.2}% 26
\BOOKMARK [3][-]{subsubsection.2.2.2.3}{AWS\040SDK\040for\040Ruby}{subsection.2.2.2}% 27
\BOOKMARK [2][-]{subsection.2.2.3}{Ruby\040on\040Rails}{section.2.2}% 28
\BOOKMARK [3][-]{subsubsection.2.2.3.1}{Integrazione\040tra\040i\040componenti}{subsection.2.2.3}% 29
\BOOKMARK [3][-]{subsubsection.2.2.3.2}{Pattern\040architetturale}{subsection.2.2.3}% 30
\BOOKMARK [3][-]{subsubsection.2.2.3.3}{Devise}{subsection.2.2.3}% 31
\BOOKMARK [3][-]{subsubsection.2.2.3.4}{ActiveAdmin}{subsection.2.2.3}% 32
\BOOKMARK [2][-]{subsection.2.2.4}{RubyMine}{section.2.2}% 33
\BOOKMARK [2][-]{subsection.2.2.5}{GraphQL}{section.2.2}% 34
\BOOKMARK [3][-]{subsubsection.2.2.5.1}{Altair}{subsection.2.2.5}% 35
\BOOKMARK [2][-]{subsection.2.2.6}{HTTP}{section.2.2}% 36
\BOOKMARK [3][-]{subsubsection.2.2.6.1}{Insomnia}{subsection.2.2.6}% 37
\BOOKMARK [2][-]{subsection.2.2.7}{PostgreSQL}{section.2.2}% 38
\BOOKMARK [0][-]{chapter.3}{Analisi\040dei\040requisiti}{}% 39
\BOOKMARK [1][-]{section.3.1}{Definizione\040dei\040requisiti}{chapter.3}% 40
\BOOKMARK [2][-]{subsection.3.1.1}{Piano\040di\040progetto}{section.3.1}% 41
\BOOKMARK [3][-]{subsubsection.3.1.1.1}{Obiettivi}{subsection.3.1.1}% 42
\BOOKMARK [3][-]{subsubsection.3.1.1.2}{Milestones}{subsection.3.1.1}% 43
\BOOKMARK [2][-]{subsection.3.1.2}{Requisiti\040effettivi}{section.3.1}% 44
\BOOKMARK [3][-]{subsubsection.3.1.2.1}{Notazione}{subsection.3.1.2}% 45
\BOOKMARK [3][-]{subsubsection.3.1.2.2}{Requisiti\040fissati}{subsection.3.1.2}% 46
\BOOKMARK [1][-]{section.3.2}{Casi\040d'uso}{chapter.3}% 47
\BOOKMARK [2][-]{subsection.3.2.1}{Attori}{section.3.2}% 48
\BOOKMARK [2][-]{subsection.3.2.2}{Struttura}{section.3.2}% 49
\BOOKMARK [2][-]{subsection.3.2.3}{Panoramica}{section.3.2}% 50
\BOOKMARK [2][-]{subsection.3.2.4}{UC\0401}{section.3.2}% 51
\BOOKMARK [0][-]{chapter.4}{Progettazione}{}% 52
\BOOKMARK [0][-]{chapter.5}{Conclusion}{}% 53
\BOOKMARK [0][-]{chapter.5}{Bibliografia}{}% 54
\BOOKMARK [0][-]{section*.34}{Ringraziamenti}{}% 55
